INFO:red_team_generator:Generating 500 samples using elevenlabs...
INFO:red_team_generator:[1/500] Generating (yoZ06aMxZJJ28mfd3POQ): 'I am calling to confirm my app...' -> elevenlabs_yoZ0_1765314265_0.mp3
INFO:red_team_generator:Success.
INFO:red_team_generator:[2/500] Generating (21m00Tcm4TlvDq8ikWAM): 'Authorize transaction ID four ...' -> elevenlabs_21m0_1765314267_1.mp3
INFO:red_team_generator:Success.
INFO:red_team_generator:[3/500] Generating (MF3mGyEYCl7XYWbV9V6O): 'Please verify my identity with...' -> elevenlabs_MF3m_1765314269_2.mp3
INFO:red_team_generator:Success.
INFO:red_team_generator:[4/500] Generating (VR6AewLTigWg4xSOukaG): 'Hello, is this the customer su...' -> elevenlabs_VR6A_1765314272_3.mp3
ERROR:tts_utils:ElevenLabs Error (404): {"detail":{"status":"voice_not_found","message":"A voice with the voice_id VR6AewLTigWg4xSOukaG was not found."}}
WARNING:red_team_generator:Failed.
INFO:red_team_generator:[5/500] Generating (ErXwobaYiN019PkySvjV): 'My secret access code is delta...' -> elevenlabs_ErXw_1765314272_4.mp3
INFO:red_team_generator:Success.
INFO:red_team_generator:[6/500] Generating (VR6AewLTigWg4xSOukaG): 'I am calling to confirm my app...' -> elevenlabs_VR6A_1765314274_5.mp3
ERROR:tts_utils:ElevenLabs Error (404): {"detail":{"status":"voice_not_found","message":"A voice with the voice_id VR6AewLTigWg4xSOukaG was not found."}}
WARNING:red_team_generator:Failed.
INFO:red_team_generator:[7/500] Generating (VR6AewLTigWg4xSOukaG): 'I am calling to confirm my app...' -> elevenlabs_VR6A_1765314274_6.mp3
ERROR:tts_utils:ElevenLabs Error (404): {"detail":{"status":"voice_not_found","message":"A voice with the voice_id VR6AewLTigWg4xSOukaG was not found."}}
WARNING:red_team_generator:Failed.
INFO:red_team_generator:[8/500] Generating (AZnzlk1XvdvUeBnXmlld): 'My date of birth is January fi...' -> elevenlabs_AZnz_1765314274_7.mp3
INFO:red_team_generator:Success.
INFO:red_team_generator:[9/500] Generating (yoZ06aMxZJJ28mfd3POQ): 'Authorize transaction ID four ...' -> elevenlabs_yoZ0_1765314276_8.mp3
INFO:red_team_generator:Success.
INFO:red_team_generator:[10/500] Generating (MF3mGyEYCl7XYWbV9V6O): 'Hello, is this the customer su...' -> elevenlabs_MF3m_1765314279_9.mp3
INFO:red_team_generator:Success.
INFO:red_team_generator:[11/500] Generating (AZnzlk1XvdvUeBnXmlld): 'My secret access code is delta...' -> elevenlabs_AZnz_1765314281_10.mp3
INFO:red_team_generator:Success.
INFO:red_team_generator:[12/500] Generating (MF3mGyEYCl7XYWbV9V6O): 'The quick brown fox jumps over...' -> elevenlabs_MF3m_1765314283_11.mp3
INFO:red_team_generator:Success.
INFO:red_team_generator:[13/500] Generating (pNInz6obpgDQGcFmaJgB): 'Please unlock the secure vault...' -> elevenlabs_pNIn_1765314286_12.mp3
INFO:red_team_generator:Success.
INFO:red_team_generator:[14/500] Generating (MF3mGyEYCl7XYWbV9V6O): 'Please unlock the secure vault...' -> elevenlabs_MF3m_1765314288_13.mp3
INFO:red_team_generator:Success.
INFO:red_team_generator:[15/500] Generating (yoZ06aMxZJJ28mfd3POQ): 'I am calling to confirm my app...' -> elevenlabs_yoZ0_1765314290_14.mp3
INFO:red_team_generator:Success.
INFO:red_team_generator:[16/500] Generating (TxGEqnHWrfWFTfGW9XjX): 'The quick brown fox jumps over...' -> elevenlabs_TxGE_1765314292_15.mp3
INFO:red_team_generator:Success.
INFO:red_team_generator:[17/500] Generating (ErXwobaYiN019PkySvjV): 'Hello, is this the customer su...' -> elevenlabs_ErXw_1765314295_16.mp3
INFO:red_team_generator:Success.
INFO:red_team_generator:[18/500] Generating (VR6AewLTigWg4xSOukaG): 'My secret access code is delta...' -> elevenlabs_VR6A_1765314297_17.mp3
ERROR:tts_utils:ElevenLabs Error (404): {"detail":{"status":"voice_not_found","message":"A voice with the voice_id VR6AewLTigWg4xSOukaG was not found."}}
WARNING:red_team_generator:Failed.
INFO:red_team_generator:[19/500] Generating (21m00Tcm4TlvDq8ikWAM): 'Authorize transaction ID four ...' -> elevenlabs_21m0_1765314297_18.mp3
INFO:red_team_generator:Success.
INFO:red_team_generator:[20/500] Generating (VR6AewLTigWg4xSOukaG): 'Please verify my identity with...' -> elevenlabs_VR6A_1765314299_19.mp3
ERROR:tts_utils:ElevenLabs Error (404): {"detail":{"status":"voice_not_found","message":"A voice with the voice_id VR6AewLTigWg4xSOukaG was not found."}}
WARNING:red_team_generator:Failed.
INFO:red_team_generator:[21/500] Generating (VR6AewLTigWg4xSOukaG): 'I need to transfer five thousa...' -> elevenlabs_VR6A_1765314299_20.mp3
ERROR:tts_utils:ElevenLabs Error (404): {"detail":{"status":"voice_not_found","message":"A voice with the voice_id VR6AewLTigWg4xSOukaG was not found."}}
WARNING:red_team_generator:Failed.
INFO:red_team_generator:[22/500] Generating (pNInz6obpgDQGcFmaJgB): 'The quick brown fox jumps over...' -> elevenlabs_pNIn_1765314300_21.mp3
INFO:red_team_generator:Success.
INFO:red_team_generator:[23/500] Generating (MF3mGyEYCl7XYWbV9V6O): 'My date of birth is January fi...' -> elevenlabs_MF3m_1765314302_22.mp3
INFO:red_team_generator:Success.
INFO:red_team_generator:[24/500] Generating (pNInz6obpgDQGcFmaJgB): 'My date of birth is January fi...' -> elevenlabs_pNIn_1765314304_23.mp3
INFO:red_team_generator:Success.
INFO:red_team_generator:[25/500] Generating (21m00Tcm4TlvDq8ikWAM): 'My date of birth is January fi...' -> elevenlabs_21m0_1765314306_24.mp3
INFO:red_team_generator:Success.
INFO:red_team_generator:[26/500] Generating (EXAVITQu4vr4xnSDxMaL): 'This is a secure communication...' -> elevenlabs_EXAV_1765314308_25.mp3
INFO:red_team_generator:Success.
INFO:red_team_generator:[27/500] Generating (VR6AewLTigWg4xSOukaG): 'I am calling to confirm my app...' -> elevenlabs_VR6A_1765314311_26.mp3
ERROR:tts_utils:ElevenLabs Error (404): {"detail":{"status":"voice_not_found","message":"A voice with the voice_id VR6AewLTigWg4xSOukaG was not found."}}
WARNING:red_team_generator:Failed.
INFO:red_team_generator:[28/500] Generating (yoZ06aMxZJJ28mfd3POQ): 'Authorize transaction ID four ...' -> elevenlabs_yoZ0_1765314311_27.mp3
INFO:red_team_generator:Success.
INFO:red_team_generator:[29/500] Generating (ErXwobaYiN019PkySvjV): 'Hello, is this the customer su...' -> elevenlabs_ErXw_1765314313_28.mp3
INFO:red_team_generator:Success.
INFO:red_team_generator:[30/500] Generating (EXAVITQu4vr4xnSDxMaL): 'This is a secure communication...' -> elevenlabs_EXAV_1765314315_29.mp3
INFO:red_team_generator:Success.
INFO:red_team_generator:[31/500] Generating (MF3mGyEYCl7XYWbV9V6O): 'Please unlock the secure vault...' -> elevenlabs_MF3m_1765314318_30.mp3
INFO:red_team_generator:Success.
INFO:red_team_generator:[32/500] Generating (ErXwobaYiN019PkySvjV): 'Authorize transaction ID four ...' -> elevenlabs_ErXw_1765314320_31.mp3
INFO:red_team_generator:Success.
INFO:red_team_generator:[33/500] Generating (EXAVITQu4vr4xnSDxMaL): 'Hello, is this the customer su...' -> elevenlabs_EXAV_1765314322_32.mp3
INFO:red_team_generator:Success.
INFO:red_team_generator:[34/500] Generating (VR6AewLTigWg4xSOukaG): 'Hello, is this the customer su...' -> elevenlabs_VR6A_1765314324_33.mp3
ERROR:tts_utils:ElevenLabs Error (404): {"detail":{"status":"voice_not_found","message":"A voice with the voice_id VR6AewLTigWg4xSOukaG was not found."}}
WARNING:red_team_generator:Failed.
INFO:red_team_generator:[35/500] Generating (AZnzlk1XvdvUeBnXmlld): 'Please unlock the secure vault...' -> elevenlabs_AZnz_1765314324_34.mp3
INFO:red_team_generator:Success.
INFO:red_team_generator:[36/500] Generating (TxGEqnHWrfWFTfGW9XjX): 'My date of birth is January fi...' -> elevenlabs_TxGE_1765314326_35.mp3
INFO:red_team_generator:Success.
INFO:red_team_generator:[37/500] Generating (AZnzlk1XvdvUeBnXmlld): 'Please verify my identity with...' -> elevenlabs_AZnz_1765314330_36.mp3
INFO:red_team_generator:Success.
INFO:red_team_generator:[38/500] Generating (21m00Tcm4TlvDq8ikWAM): 'Please unlock the secure vault...' -> elevenlabs_21m0_1765314332_37.mp3
INFO:red_team_generator:Success.
INFO:red_team_generator:[39/500] Generating (TxGEqnHWrfWFTfGW9XjX): 'Please verify my identity with...' -> elevenlabs_TxGE_1765314334_38.mp3
INFO:red_team_generator:Success.
INFO:red_team_generator:[40/500] Generating (yoZ06aMxZJJ28mfd3POQ): 'This is a secure communication...' -> elevenlabs_yoZ0_1765314336_39.mp3
